Using pre-set license
Built from '2020.2/staging' branch; Version is '2020.2.7f1 (c53830e277f1) revision 12924976'; Using compiler version '192528614'; Build Type 'Release'
OS: 'Windows 10 Home Single Language; OS build 22000.469; Version 2009; 64bit' Language: 'ru' Physical Memory: 16219 MB
BatchMode: 1, IsHumanControllingUs: 0, StartBugReporterOnCrash: 0, Is64bit: 1, IsPro: 0

 COMMAND LINE ARGUMENTS:
C:\Program Files\Unity\Hub\Editor\2020.2.7f1\Editor\Unity.exe
-adb2
-batchMode
-noUpm
-name
AssetImportWorker0
-projectPath
D:/UnityProjects/Alchemist
-logFile
Logs/AssetImportWorker0.log
-srvPort
54609
Successfully changed project path to: D:/UnityProjects/Alchemist
D:/UnityProjects/Alchemist
Using Asset Import Pipeline V2.
Refreshing native plugins compatible for Editor in 61.90 ms, found 0 plugins.
Preloading 0 native plugins for Editor in 0.00 ms.
Initialize engine version: 2020.2.7f1 (c53830e277f1)
[Subsystems] Discovering subsystems at path C:/Program Files/Unity/Hub/Editor/2020.2.7f1/Editor/Data/Resources/UnitySubsystems
[Subsystems] Discovering subsystems at path D:/UnityProjects/Alchemist/Assets
GfxDevice: creating device client; threaded=0
Direct3D:
    Version:  Direct3D 11.0 [level 11.1]
    Renderer: NVIDIA GeForce MX250 (ID=0x1d52)
    Vendor:   
    VRAM:     1983 MB
    Driver:   26.21.14.4120
Shader 'Universal Render Pipeline/Particles/Lit': fallback shader 'Universal Render Pipeline/Particles/SimpleLit' not found
Initialize mono
Mono path[0] = 'C:/Program Files/Unity/Hub/Editor/2020.2.7f1/Editor/Data/Managed'
Mono path[1] = 'C:/Program Files/Unity/Hub/Editor/2020.2.7f1/Editor/Data/MonoBleedingEdge/lib/mono/unityjit'
Mono config path = 'C:/Program Files/Unity/Hub/Editor/2020.2.7f1/Editor/Data/MonoBleedingEdge/etc'
Using monoOptions --debugger-agent=transport=dt_socket,embedding=1,server=y,suspend=n,address=127.0.0.1:56796
Begin MonoManager ReloadAssembly
Registering precompiled unity dll's ...
Register platform support module: C:/Program Files/Unity/Hub/Editor/2020.2.7f1/Editor/Data/PlaybackEngines/WebGLSupport/UnityEditor.WebGL.Extensions.dll
Register platform support module: C:/Program Files/Unity/Hub/Editor/2020.2.7f1/Editor/Data/PlaybackEngines/WindowsStandaloneSupport/UnityEditor.WindowsStandalone.Extensions.dll
Registered in 0.003892 seconds.
Native extension for WindowsStandalone target not found
Native extension for WebGL target not found
Refreshing native plugins compatible for Editor in 110.26 ms, found 0 plugins.
Preloading 0 native plugins for Editor in 0.00 ms.
Invoked RoslynAnalysisRunner static constructor.
RoslynAnalysisRunner will not be running.
RoslynAnalysisRunner has terminated.
Mono: successfully reloaded assembly
- Completed reload, in  5.370 seconds
Platform modules already initialized, skipping
Registering precompiled user dll's ...
Registered in 0.002819 seconds.
Begin MonoManager ReloadAssembly
Native extension for WindowsStandalone target not found
Native extension for WebGL target not found
Refreshing native plugins compatible for Editor in 175.42 ms, found 0 plugins.
Preloading 0 native plugins for Editor in 0.00 ms.
Invoked RoslynAnalysisRunner static constructor.
RoslynAnalysisRunner will not be running.
RoslynAnalysisRunner has terminated.
Mono: successfully reloaded assembly
- Completed reload, in  2.778 seconds
Platform modules already initialized, skipping
========================================================================
Worker process is ready to serve import requests
Shader 'Universal Render Pipeline/Particles/Lit': fallback shader 'Universal Render Pipeline/Particles/SimpleLit' not found
Launched and connected shader compiler UnityShaderCompiler.exe after 0.06 seconds
Refreshing native plugins compatible for Editor in 0.74 ms, found 0 plugins.
Preloading 0 native plugins for Editor in 0.00 ms.
Unloading 2726 Unused Serialized files (Serialized files now loaded: 0)
System memory in use before: 123.5 MB.
System memory in use after: 123.7 MB.

Unloading 17 unused Assets to reduce memory usage. Loaded Objects now: 3174.
Total: 3.897400 ms (FindLiveObjects: 0.446900 ms CreateObjectMapping: 0.194100 ms MarkObjects: 3.149100 ms  DeleteObjects: 0.105100 ms)

========================================================================
Received Import Request.
  path: Assets/New 2D Renderer Data.asset
  artifactKey: Guid(fedbf60c95c1d76489fa4f329cf9efcc) Importer(815301076,1909f56bfc062723c751e8b465ee728b)
Start importing Assets/New 2D Renderer Data.asset using Guid(fedbf60c95c1d76489fa4f329cf9efcc) Importer(815301076,1909f56bfc062723c751e8b465ee728b)  -> (artifact id: '71c23d0be29e3252ac8e9ce9ef9d2287') in 0.052252 seconds
  Import took 0.059450 seconds .

========================================================================
Received Import Request.
  Time since last request: 0.000314 seconds.
  path: Assets/UniversalRenderPipelineAsset_Renderer.asset
  artifactKey: Guid(8c36386e757b09745b9e945999f1994a) Importer(815301076,1909f56bfc062723c751e8b465ee728b)
Start importing Assets/UniversalRenderPipelineAsset_Renderer.asset using Guid(8c36386e757b09745b9e945999f1994a) Importer(815301076,1909f56bfc062723c751e8b465ee728b)  -> (artifact id: 'd899615b9599bb7b647589b61b6c4bcf') in 0.017919 seconds
  Import took 0.024525 seconds .

========================================================================
Received Import Request.
  Time since last request: 0.000358 seconds.
  path: Assets/colorsCombination.shadersubgraph
  artifactKey: Guid(494c6362e48ddd04ebc84c0f80aead57) Importer(815301076,1909f56bfc062723c751e8b465ee728b)
Start importing Assets/colorsCombination.shadersubgraph using Guid(494c6362e48ddd04ebc84c0f80aead57) Importer(815301076,1909f56bfc062723c751e8b465ee728b)  -> (artifact id: 'e924f59e3798eebb158ed2ee51c9151e') in 0.020668 seconds
  Import took 0.027586 seconds .

========================================================================
Received Import Request.
  Time since last request: 0.000280 seconds.
  path: Assets/New Physics Material 2D.physicsMaterial2D
  artifactKey: Guid(fe26b95da4e28804e979711665dd662d) Importer(815301076,1909f56bfc062723c751e8b465ee728b)
Start importing Assets/New Physics Material 2D.physicsMaterial2D using Guid(fe26b95da4e28804e979711665dd662d) Importer(815301076,1909f56bfc062723c751e8b465ee728b)  -> (artifact id: 'e32639ebdeda1919202e0527ca13cb58') in 0.017523 seconds
  Import took 0.023794 seconds .

========================================================================
Received Import Request.
  Time since last request: 0.000415 seconds.
  path: Assets/UniversalRenderPipelineAsset.asset
  artifactKey: Guid(481175218c1c1f347a27340553347c12) Importer(815301076,1909f56bfc062723c751e8b465ee728b)
Start importing Assets/UniversalRenderPipelineAsset.asset using Guid(481175218c1c1f347a27340553347c12) Importer(815301076,1909f56bfc062723c751e8b465ee728b)  -> (artifact id: '9a0798432e360bb861d5b06a34d7c5b8') in 0.020374 seconds
  Import took 0.027293 seconds .

========================================================================
Received Prepare
Registering precompiled user dll's ...
Registered in 0.001766 seconds.
Begin MonoManager ReloadAssembly
Native extension for WindowsStandalone target not found
Native extension for WebGL target not found
Refreshing native plugins compatible for Editor in 0.60 ms, found 0 plugins.
Preloading 0 native plugins for Editor in 0.00 ms.
Invoked RoslynAnalysisRunner static constructor.
RoslynAnalysisRunner will not be running.
RoslynAnalysisRunner has terminated.
Mono: successfully reloaded assembly
- Completed reload, in  1.137 seconds
Platform modules already initialized, skipping
Shader 'Universal Render Pipeline/Particles/Lit': fallback shader 'Universal Render Pipeline/Particles/SimpleLit' not found
Refreshing native plugins compatible for Editor in 0.61 ms, found 0 plugins.
Preloading 0 native plugins for Editor in 0.00 ms.
Unloading 2603 Unused Serialized files (Serialized files now loaded: 0)
System memory in use before: 116.4 MB.
System memory in use after: 116.7 MB.

Unloading 8 unused Assets to reduce memory usage. Loaded Objects now: 3179.
Total: 2.876500 ms (FindLiveObjects: 0.360400 ms CreateObjectMapping: 0.158900 ms MarkObjects: 2.332500 ms  DeleteObjects: 0.023800 ms)

AssetImportWorkerClient::OnTransportError - code=2 error=End of file
